Copyright 1986-2022 Xilinx, Inc. All Rights Reserved. Copyright 2022-2024 Advanced Micro Devices, Inc. All Rights Reserved.
---------------------------------------------------------------------------------------------------------------------------------------------
| Tool Version : Vivado v.2024.1 (win64) Build 5076996 Wed May 22 18:37:14 MDT 2024
| Date         : Sun Feb  1 20:34:10 2026
| Host         : Saurav running 64-bit major release  (build 9200)
| Command      : report_control_sets -verbose -file design_1_wrapper_control_sets_placed.rpt
| Design       : design_1_wrapper
| Device       : xc7a100t
---------------------------------------------------------------------------------------------------------------------------------------------

Control Set Information

Table of Contents
-----------------
1. Summary
2. Histogram
3. Flip-Flop Distribution
4. Detailed Control Set Information

1. Summary
----------

+----------------------------------------------------------+-------+
|                          Status                          | Count |
+----------------------------------------------------------+-------+
| Total control sets                                       |   135 |
|    Minimum number of control sets                        |   135 |
|    Addition due to synthesis replication                 |     0 |
|    Addition due to physical synthesis replication        |     0 |
| Unused register locations in slices containing registers |    32 |
+----------------------------------------------------------+-------+
* Control sets can be merged at opt_design using control_set_merge or merge_equivalent_drivers
** Run report_qor_suggestions for automated merging and remapping suggestions


2. Histogram
------------

+--------------------+-------+
|       Fanout       | Count |
+--------------------+-------+
| Total control sets |   135 |
| >= 0 to < 4        |     1 |
| >= 4 to < 6        |     1 |
| >= 6 to < 8        |     1 |
| >= 8 to < 10       |     0 |
| >= 10 to < 12      |     2 |
| >= 12 to < 14      |     1 |
| >= 14 to < 16      |     0 |
| >= 16              |   129 |
+--------------------+-------+
* Control sets can be remapped at either synth_design or opt_design


3. Flip-Flop Distribution
-------------------------

+--------------+-----------------------+------------------------+-----------------+--------------+
| Clock Enable | Synchronous Set/Reset | Asynchronous Set/Reset | Total Registers | Total Slices |
+--------------+-----------------------+------------------------+-----------------+--------------+
| No           | No                    | No                     |               9 |            8 |
| No           | No                    | Yes                    |               0 |            0 |
| No           | Yes                   | No                     |             428 |          292 |
| Yes          | No                    | No                     |               0 |            0 |
| Yes          | No                    | Yes                    |               0 |            0 |
| Yes          | Yes                   | No                     |              27 |            9 |
+--------------+-----------------------+------------------------+-----------------+--------------+


4. Detailed Control Set Information
-----------------------------------

+-------------------------------------+----------------------------------------------------------------+---------------------------------------------------+------------------+----------------+--------------+
|             Clock Signal            |                          Enable Signal                         |                  Set/Reset Signal                 | Slice Load Count | Bel Load Count | Bels / Slice |
+-------------------------------------+----------------------------------------------------------------+---------------------------------------------------+------------------+----------------+--------------+
|  design_1_i/clk_wiz_0/inst/clk_out2 |                                                                |                                                   |                3 |              3 |         1.00 |
|  design_1_i/clk_wiz_0/inst/clk_out2 | design_1_i/Computer_0/inst/inst3/my_ps2/d_in[7]_i_2_n_0        | design_1_i/Computer_0/inst/inst3/my_ps2/p_1_in[0] |                1 |              4 |         4.00 |
|  design_1_i/clk_wiz_0/inst/clk_out1 |                                                                |                                                   |                5 |              6 |         1.20 |
|  design_1_i/clk_wiz_0/inst/clk_out1 | design_1_i/vga_engine_0/inst/vtrig                             | design_1_i/vga_engine_0/inst/vctr[9]_i_1_n_0      |                4 |             10 |         2.50 |
|  design_1_i/clk_wiz_0/inst/clk_out1 |                                                                | design_1_i/vga_engine_0/inst/hctr[10]_i_1_n_0     |                4 |             11 |         2.75 |
|  design_1_i/clk_wiz_0/inst/clk_out2 | design_1_i/Computer_0/inst/inst3/my_ps2/ps2_clk_falling        | rst_IBUF                                          |                4 |             13 |         3.25 |
|  design_1_i/clk_wiz_0/inst/clk_out2 | design_1_i/Computer_0/inst/inst2/inst6/inst10/inst2/out_reg_9  |                                                   |               16 |             64 |         4.00 |
|  design_1_i/clk_wiz_0/inst/clk_out2 | design_1_i/Computer_0/inst/inst2/inst6/inst10/inst2/out_reg_12 |                                                   |               16 |             64 |         4.00 |
|  design_1_i/clk_wiz_0/inst/clk_out2 | design_1_i/Computer_0/inst/inst2/inst6/inst10/inst2/out_reg_7  |                                                   |               16 |             64 |         4.00 |
|  design_1_i/clk_wiz_0/inst/clk_out2 | design_1_i/Computer_0/inst/inst2/inst6/inst10/inst2/out_reg_2  |                                                   |               16 |             64 |         4.00 |
|  design_1_i/clk_wiz_0/inst/clk_out2 | design_1_i/Computer_0/inst/inst2/inst6/inst10/inst2/out_reg_6  |                                                   |               16 |             64 |         4.00 |
|  design_1_i/clk_wiz_0/inst/clk_out2 | design_1_i/Computer_0/inst/inst2/inst6/inst10/inst2/out_reg_8  |                                                   |               16 |             64 |         4.00 |
|  design_1_i/clk_wiz_0/inst/clk_out2 | design_1_i/Computer_0/inst/inst2/inst6/inst10/inst2/out_reg_10 |                                                   |               16 |             64 |         4.00 |
|  design_1_i/clk_wiz_0/inst/clk_out2 | design_1_i/Computer_0/inst/inst2/inst6/inst10/inst2/out_reg_3  |                                                   |               16 |             64 |         4.00 |
|  design_1_i/clk_wiz_0/inst/clk_out2 | design_1_i/Computer_0/inst/inst2/inst6/inst10/inst2/out_reg_5  |                                                   |               16 |             64 |         4.00 |
|  design_1_i/clk_wiz_0/inst/clk_out2 | design_1_i/Computer_0/inst/inst2/inst6/inst10/inst2/out_reg_1  |                                                   |               16 |             64 |         4.00 |
|  design_1_i/clk_wiz_0/inst/clk_out2 | design_1_i/Computer_0/inst/inst2/inst6/inst11/inst2/out_reg_9  |                                                   |               16 |             64 |         4.00 |
|  design_1_i/clk_wiz_0/inst/clk_out2 | design_1_i/Computer_0/inst/inst2/inst6/inst11/inst2/out_reg_2  |                                                   |               16 |             64 |         4.00 |
|  design_1_i/clk_wiz_0/inst/clk_out2 | design_1_i/Computer_0/inst/inst2/inst6/inst11/inst2/out_reg_4  |                                                   |               16 |             64 |         4.00 |
|  design_1_i/clk_wiz_0/inst/clk_out2 | design_1_i/Computer_0/inst/inst2/inst6/inst11/inst2/out_reg_8  |                                                   |               16 |             64 |         4.00 |
|  design_1_i/clk_wiz_0/inst/clk_out2 | design_1_i/Computer_0/inst/inst2/inst6/inst11/inst2/out_reg_7  |                                                   |               16 |             64 |         4.00 |
|  design_1_i/clk_wiz_0/inst/clk_out2 | design_1_i/Computer_0/inst/inst2/inst6/inst11/inst2/out_reg_3  |                                                   |               16 |             64 |         4.00 |
|  design_1_i/clk_wiz_0/inst/clk_out2 | design_1_i/Computer_0/inst/inst2/inst6/inst11/inst2/out_reg_6  |                                                   |               16 |             64 |         4.00 |
|  design_1_i/clk_wiz_0/inst/clk_out2 | design_1_i/Computer_0/inst/inst2/inst6/inst11/inst2/out_reg_1  |                                                   |               16 |             64 |         4.00 |
|  design_1_i/clk_wiz_0/inst/clk_out2 | design_1_i/Computer_0/inst/inst2/inst6/inst11/inst2/out_reg_10 |                                                   |               16 |             64 |         4.00 |
|  design_1_i/clk_wiz_0/inst/clk_out2 | design_1_i/Computer_0/inst/inst2/inst6/inst11/inst2/out_reg_5  |                                                   |               16 |             64 |         4.00 |
|  design_1_i/clk_wiz_0/inst/clk_out2 | design_1_i/Computer_0/inst/inst2/inst6/inst12/inst2/out_reg_6  |                                                   |               16 |             64 |         4.00 |
|  design_1_i/clk_wiz_0/inst/clk_out2 | design_1_i/Computer_0/inst/inst2/inst6/inst12/inst2/out_reg_3  |                                                   |               16 |             64 |         4.00 |
|  design_1_i/clk_wiz_0/inst/clk_out2 | design_1_i/Computer_0/inst/inst2/inst6/inst12/inst2/out_reg_5  |                                                   |               16 |             64 |         4.00 |
|  design_1_i/clk_wiz_0/inst/clk_out2 | design_1_i/Computer_0/inst/inst2/inst6/inst12/inst2/out_reg_1  |                                                   |               16 |             64 |         4.00 |
|  design_1_i/clk_wiz_0/inst/clk_out2 | design_1_i/Computer_0/inst/inst2/inst6/inst12/inst2/out_reg_7  |                                                   |               16 |             64 |         4.00 |
|  design_1_i/clk_wiz_0/inst/clk_out2 | design_1_i/Computer_0/inst/inst2/inst6/inst12/inst2/out_reg_4  |                                                   |               16 |             64 |         4.00 |
|  design_1_i/clk_wiz_0/inst/clk_out2 | design_1_i/Computer_0/inst/inst2/inst6/inst12/inst2/out_reg_8  |                                                   |               16 |             64 |         4.00 |
|  design_1_i/clk_wiz_0/inst/clk_out2 | design_1_i/Computer_0/inst/inst2/inst6/inst12/inst2/out_reg_2  |                                                   |               16 |             64 |         4.00 |
|  design_1_i/clk_wiz_0/inst/clk_out2 | design_1_i/Computer_0/inst/inst2/inst6/inst13/inst2/out_reg_8  |                                                   |               16 |             64 |         4.00 |
|  design_1_i/clk_wiz_0/inst/clk_out2 | design_1_i/Computer_0/inst/inst2/inst6/inst13/inst2/out_reg_5  |                                                   |               16 |             64 |         4.00 |
|  design_1_i/clk_wiz_0/inst/clk_out2 | design_1_i/Computer_0/inst/inst2/inst6/inst13/inst2/out_reg_7  |                                                   |               16 |             64 |         4.00 |
|  design_1_i/clk_wiz_0/inst/clk_out2 | design_1_i/Computer_0/inst/inst2/inst6/inst13/inst2/out_reg_1  |                                                   |               16 |             64 |         4.00 |
|  design_1_i/clk_wiz_0/inst/clk_out2 | design_1_i/Computer_0/inst/inst2/inst6/inst13/inst2/out_reg_3  |                                                   |               16 |             64 |         4.00 |
|  design_1_i/clk_wiz_0/inst/clk_out2 | design_1_i/Computer_0/inst/inst2/inst6/inst13/inst2/out_reg_6  |                                                   |               16 |             64 |         4.00 |
|  design_1_i/clk_wiz_0/inst/clk_out2 | design_1_i/Computer_0/inst/inst2/inst6/inst13/inst2/out_reg_2  |                                                   |               16 |             64 |         4.00 |
|  design_1_i/clk_wiz_0/inst/clk_out2 | design_1_i/Computer_0/inst/inst2/inst6/inst13/inst2/out_reg_4  |                                                   |               16 |             64 |         4.00 |
|  design_1_i/clk_wiz_0/inst/clk_out2 | design_1_i/Computer_0/inst/inst2/inst6/inst13/inst2/out_reg_9  |                                                   |               16 |             64 |         4.00 |
|  design_1_i/clk_wiz_0/inst/clk_out2 | design_1_i/Computer_0/inst/inst2/inst6/inst13/inst2/out_reg_10 |                                                   |               16 |             64 |         4.00 |
|  design_1_i/clk_wiz_0/inst/clk_out2 | design_1_i/Computer_0/inst/inst2/inst6/inst14/inst2/out_reg_1  |                                                   |               16 |             64 |         4.00 |
|  design_1_i/clk_wiz_0/inst/clk_out2 | design_1_i/Computer_0/inst/inst2/inst6/inst14/inst2/out_reg_2  |                                                   |               16 |             64 |         4.00 |
|  design_1_i/clk_wiz_0/inst/clk_out2 | design_1_i/Computer_0/inst/inst2/inst6/inst14/inst2/out_reg_4  |                                                   |               16 |             64 |         4.00 |
|  design_1_i/clk_wiz_0/inst/clk_out2 | design_1_i/Computer_0/inst/inst2/inst6/inst14/inst2/out_reg_5  |                                                   |               16 |             64 |         4.00 |
|  design_1_i/clk_wiz_0/inst/clk_out2 | design_1_i/Computer_0/inst/inst2/inst6/inst14/inst2/out_reg_7  |                                                   |               16 |             64 |         4.00 |
|  design_1_i/clk_wiz_0/inst/clk_out2 | design_1_i/Computer_0/inst/inst2/inst6/inst14/inst2/out_reg_6  |                                                   |               16 |             64 |         4.00 |
|  design_1_i/clk_wiz_0/inst/clk_out2 | design_1_i/Computer_0/inst/inst2/inst6/inst14/inst2/out_reg_3  |                                                   |               16 |             64 |         4.00 |
|  design_1_i/clk_wiz_0/inst/clk_out2 | design_1_i/Computer_0/inst/inst2/inst6/inst14/inst2/out_reg_8  |                                                   |               16 |             64 |         4.00 |
|  design_1_i/clk_wiz_0/inst/clk_out2 | design_1_i/Computer_0/inst/inst2/inst6/inst9/inst2/out_reg_8   |                                                   |               16 |             64 |         4.00 |
|  design_1_i/clk_wiz_0/inst/clk_out2 | design_1_i/Computer_0/inst/inst2/inst6/inst9/inst2/out_reg_13  |                                                   |               16 |             64 |         4.00 |
|  design_1_i/clk_wiz_0/inst/clk_out2 | design_1_i/Computer_0/inst/inst2/inst6/inst9/inst2/out_reg_5   |                                                   |               16 |             64 |         4.00 |
|  design_1_i/clk_wiz_0/inst/clk_out2 | design_1_i/Computer_0/inst/inst2/inst6/inst9/inst2/out_reg_17  |                                                   |               16 |             64 |         4.00 |
|  design_1_i/clk_wiz_0/inst/clk_out2 | design_1_i/Computer_0/inst/inst2/inst6/inst9/inst2/out_reg_11  |                                                   |               16 |             64 |         4.00 |
|  design_1_i/clk_wiz_0/inst/clk_out2 | design_1_i/Computer_0/inst/inst2/inst6/inst9/inst2/out_reg_15  |                                                   |               16 |             64 |         4.00 |
|  design_1_i/clk_wiz_0/inst/clk_out2 | design_1_i/Computer_0/inst/inst2/inst6/inst9/inst2/out_reg_14  |                                                   |               16 |             64 |         4.00 |
|  design_1_i/clk_wiz_0/inst/clk_out2 | design_1_i/Computer_0/inst/inst2/inst6/inst9/inst2/out_reg_9   |                                                   |               16 |             64 |         4.00 |
|  design_1_i/clk_wiz_0/inst/clk_out2 | design_1_i/Computer_0/inst/inst2/inst6/inst9/inst2/out_reg_12  |                                                   |               16 |             64 |         4.00 |
|  design_1_i/clk_wiz_0/inst/clk_out2 | design_1_i/Computer_0/inst/inst2/inst6/inst9/inst2/out_reg_16  |                                                   |               16 |             64 |         4.00 |
|  design_1_i/clk_wiz_0/inst/clk_out2 | design_1_i/Computer_0/inst/inst2/inst6/inst9/inst2/out_reg_2   |                                                   |               16 |             64 |         4.00 |
|  design_1_i/clk_wiz_0/inst/clk_out2 | design_1_i/Computer_0/inst/inst2/inst6/inst9/inst2/out_reg_3   |                                                   |               16 |             64 |         4.00 |
|  design_1_i/clk_wiz_0/inst/clk_out2 | design_1_i/Computer_0/inst/inst2/inst6/inst9/inst2/out_reg_6   |                                                   |               16 |             64 |         4.00 |
|  design_1_i/clk_wiz_0/inst/clk_out2 | design_1_i/Computer_0/inst/inst2/inst6/inst9/inst2/out_reg_7   |                                                   |               16 |             64 |         4.00 |
|  design_1_i/clk_wiz_0/inst/clk_out2 | design_1_i/Computer_0/inst/inst2/inst6/inst9/inst2/out_reg_4   |                                                   |               16 |             64 |         4.00 |
|  design_1_i/clk_wiz_0/inst/clk_out2 | design_1_i/Computer_0/inst/inst2/inst6/inst9/inst2/out_reg_10  |                                                   |               16 |             64 |         4.00 |
|  design_1_i/clk_wiz_0/inst/clk_out2 | design_1_i/Screen_0/inst/ram_reg_2944_3071_0_0_i_1_n_0         |                                                   |               16 |             64 |         4.00 |
|  design_1_i/clk_wiz_0/inst/clk_out2 | design_1_i/Screen_0/inst/ram_reg_3072_3199_0_0_i_1_n_0         |                                                   |               16 |             64 |         4.00 |
|  design_1_i/clk_wiz_0/inst/clk_out2 | design_1_i/Screen_0/inst/ram_reg_3200_3327_0_0_i_1_n_0         |                                                   |               16 |             64 |         4.00 |
|  design_1_i/clk_wiz_0/inst/clk_out2 | design_1_i/Screen_0/inst/ram_reg_3328_3455_0_0_i_1_n_0         |                                                   |               16 |             64 |         4.00 |
|  design_1_i/clk_wiz_0/inst/clk_out2 | design_1_i/Screen_0/inst/ram_reg_1024_1151_0_0_i_1_n_0         |                                                   |               16 |             64 |         4.00 |
|  design_1_i/clk_wiz_0/inst/clk_out2 | design_1_i/Screen_0/inst/ram_reg_0_127_0_0_i_1_n_0             |                                                   |               16 |             64 |         4.00 |
|  design_1_i/clk_wiz_0/inst/clk_out2 | design_1_i/Screen_0/inst/ram_reg_1280_1407_0_0_i_1_n_0         |                                                   |               16 |             64 |         4.00 |
|  design_1_i/clk_wiz_0/inst/clk_out2 | design_1_i/Screen_0/inst/ram_reg_1152_1279_0_0_i_1_n_0         |                                                   |               16 |             64 |         4.00 |
|  design_1_i/clk_wiz_0/inst/clk_out2 | design_1_i/Screen_0/inst/ram_reg_128_255_0_0_i_1_n_0           |                                                   |               16 |             64 |         4.00 |
|  design_1_i/clk_wiz_0/inst/clk_out2 | design_1_i/Screen_0/inst/ram_reg_1408_1535_0_0_i_1_n_0         |                                                   |               16 |             64 |         4.00 |
|  design_1_i/clk_wiz_0/inst/clk_out2 | design_1_i/Screen_0/inst/ram_reg_1664_1791_0_0_i_1_n_0         |                                                   |               16 |             64 |         4.00 |
|  design_1_i/clk_wiz_0/inst/clk_out2 | design_1_i/Screen_0/inst/ram_reg_1536_1663_0_0_i_1_n_0         |                                                   |               16 |             64 |         4.00 |
|  design_1_i/clk_wiz_0/inst/clk_out2 | design_1_i/Screen_0/inst/ram_reg_1792_1919_0_0_i_1_n_0         |                                                   |               16 |             64 |         4.00 |
|  design_1_i/clk_wiz_0/inst/clk_out2 | design_1_i/Screen_0/inst/ram_reg_1920_2047_0_0_i_1_n_0         |                                                   |               16 |             64 |         4.00 |
|  design_1_i/clk_wiz_0/inst/clk_out2 | design_1_i/Screen_0/inst/ram_reg_2048_2175_0_0_i_1_n_0         |                                                   |               16 |             64 |         4.00 |
|  design_1_i/clk_wiz_0/inst/clk_out2 | design_1_i/Screen_0/inst/ram_reg_2176_2303_0_0_i_1_n_0         |                                                   |               16 |             64 |         4.00 |
|  design_1_i/clk_wiz_0/inst/clk_out2 | design_1_i/Screen_0/inst/ram_reg_2304_2431_0_0_i_1_n_0         |                                                   |               16 |             64 |         4.00 |
|  design_1_i/clk_wiz_0/inst/clk_out2 | design_1_i/Screen_0/inst/ram_reg_2432_2559_0_0_i_1_n_0         |                                                   |               16 |             64 |         4.00 |
|  design_1_i/clk_wiz_0/inst/clk_out2 | design_1_i/Screen_0/inst/ram_reg_2560_2687_0_0_i_1_n_0         |                                                   |               16 |             64 |         4.00 |
|  design_1_i/clk_wiz_0/inst/clk_out2 | design_1_i/Screen_0/inst/ram_reg_256_383_0_0_i_1_n_0           |                                                   |               16 |             64 |         4.00 |
|  design_1_i/clk_wiz_0/inst/clk_out2 | design_1_i/Screen_0/inst/ram_reg_2688_2815_0_0_i_1_n_0         |                                                   |               16 |             64 |         4.00 |
|  design_1_i/clk_wiz_0/inst/clk_out2 | design_1_i/Screen_0/inst/ram_reg_2816_2943_0_0_i_1_n_0         |                                                   |               16 |             64 |         4.00 |
|  design_1_i/clk_wiz_0/inst/clk_out2 | design_1_i/Screen_0/inst/ram_reg_3584_3711_0_0_i_1_n_0         |                                                   |               16 |             64 |         4.00 |
|  design_1_i/clk_wiz_0/inst/clk_out2 | design_1_i/Screen_0/inst/ram_reg_3456_3583_0_0_i_1_n_0         |                                                   |               16 |             64 |         4.00 |
|  design_1_i/clk_wiz_0/inst/clk_out2 | design_1_i/Screen_0/inst/ram_reg_3712_3839_0_0_i_1_n_0         |                                                   |               16 |             64 |         4.00 |
|  design_1_i/clk_wiz_0/inst/clk_out2 | design_1_i/Screen_0/inst/ram_reg_3840_3967_0_0_i_1_n_0         |                                                   |               16 |             64 |         4.00 |
|  design_1_i/clk_wiz_0/inst/clk_out2 | design_1_i/Screen_0/inst/ram_reg_3968_4095_0_0_i_1_n_0         |                                                   |               16 |             64 |         4.00 |
|  design_1_i/clk_wiz_0/inst/clk_out2 | design_1_i/Screen_0/inst/ram_reg_384_511_0_0_i_1_n_0           |                                                   |               16 |             64 |         4.00 |
|  design_1_i/clk_wiz_0/inst/clk_out2 | design_1_i/Screen_0/inst/ram_reg_4096_4223_0_0_i_1_n_0         |                                                   |               16 |             64 |         4.00 |
|  design_1_i/clk_wiz_0/inst/clk_out2 | design_1_i/Screen_0/inst/ram_reg_4352_4479_0_0_i_1_n_0         |                                                   |               16 |             64 |         4.00 |
|  design_1_i/clk_wiz_0/inst/clk_out2 | design_1_i/Screen_0/inst/ram_reg_4224_4351_0_0_i_1_n_0         |                                                   |               16 |             64 |         4.00 |
|  design_1_i/clk_wiz_0/inst/clk_out2 | design_1_i/Screen_0/inst/ram_reg_4480_4607_0_0_i_1_n_0         |                                                   |               16 |             64 |         4.00 |
|  design_1_i/clk_wiz_0/inst/clk_out2 | design_1_i/Screen_0/inst/ram_reg_4608_4735_0_0_i_1_n_0         |                                                   |               16 |             64 |         4.00 |
|  design_1_i/clk_wiz_0/inst/clk_out2 | design_1_i/Screen_0/inst/ram_reg_4736_4863_0_0_i_1_n_0         |                                                   |               16 |             64 |         4.00 |
|  design_1_i/clk_wiz_0/inst/clk_out2 | design_1_i/Screen_0/inst/ram_reg_4992_5119_0_0_i_1_n_0         |                                                   |               16 |             64 |         4.00 |
|  design_1_i/clk_wiz_0/inst/clk_out2 | design_1_i/Screen_0/inst/ram_reg_5120_5247_0_0_i_1_n_0         |                                                   |               16 |             64 |         4.00 |
|  design_1_i/clk_wiz_0/inst/clk_out2 | design_1_i/Screen_0/inst/ram_reg_5248_5375_0_0_i_1_n_0         |                                                   |               16 |             64 |         4.00 |
|  design_1_i/clk_wiz_0/inst/clk_out2 | design_1_i/Screen_0/inst/ram_reg_512_639_0_0_i_1_n_0           |                                                   |               16 |             64 |         4.00 |
|  design_1_i/clk_wiz_0/inst/clk_out2 | design_1_i/Screen_0/inst/ram_reg_5376_5503_0_0_i_1_n_0         |                                                   |               16 |             64 |         4.00 |
|  design_1_i/clk_wiz_0/inst/clk_out2 | design_1_i/Screen_0/inst/ram_reg_5504_5631_0_0_i_1_n_0         |                                                   |               16 |             64 |         4.00 |
|  design_1_i/clk_wiz_0/inst/clk_out2 | design_1_i/Screen_0/inst/ram_reg_5632_5759_0_0_i_1_n_0         |                                                   |               16 |             64 |         4.00 |
|  design_1_i/clk_wiz_0/inst/clk_out2 | design_1_i/Screen_0/inst/ram_reg_5760_5887_0_0_i_1_n_0         |                                                   |               16 |             64 |         4.00 |
|  design_1_i/clk_wiz_0/inst/clk_out2 | design_1_i/Screen_0/inst/ram_reg_6016_6143_0_0_i_1_n_0         |                                                   |               16 |             64 |         4.00 |
|  design_1_i/clk_wiz_0/inst/clk_out2 | design_1_i/Screen_0/inst/ram_reg_5888_6015_0_0_i_1_n_0         |                                                   |               16 |             64 |         4.00 |
|  design_1_i/clk_wiz_0/inst/clk_out2 | design_1_i/Screen_0/inst/ram_reg_6272_6399_0_0_i_1_n_0         |                                                   |               16 |             64 |         4.00 |
|  design_1_i/clk_wiz_0/inst/clk_out2 | design_1_i/Screen_0/inst/ram_reg_6144_6271_0_0_i_1_n_0         |                                                   |               16 |             64 |         4.00 |
|  design_1_i/clk_wiz_0/inst/clk_out2 | design_1_i/Screen_0/inst/ram_reg_6400_6527_0_0_i_1_n_0         |                                                   |               16 |             64 |         4.00 |
|  design_1_i/clk_wiz_0/inst/clk_out2 | design_1_i/Screen_0/inst/ram_reg_640_767_0_0_i_1_n_0           |                                                   |               16 |             64 |         4.00 |
|  design_1_i/clk_wiz_0/inst/clk_out2 | design_1_i/Screen_0/inst/ram_reg_6656_6783_0_0_i_1_n_0         |                                                   |               16 |             64 |         4.00 |
|  design_1_i/clk_wiz_0/inst/clk_out2 | design_1_i/Screen_0/inst/ram_reg_4864_4991_0_0_i_1_n_0         |                                                   |               16 |             64 |         4.00 |
|  design_1_i/clk_wiz_0/inst/clk_out2 | design_1_i/Screen_0/inst/ram_reg_6912_7039_0_0_i_1_n_0         |                                                   |               16 |             64 |         4.00 |
|  design_1_i/clk_wiz_0/inst/clk_out2 | design_1_i/Screen_0/inst/ram_reg_6784_6911_0_0_i_1_n_0         |                                                   |               16 |             64 |         4.00 |
|  design_1_i/clk_wiz_0/inst/clk_out2 | design_1_i/Screen_0/inst/ram_reg_7040_7167_0_0_i_1_n_0         |                                                   |               16 |             64 |         4.00 |
|  design_1_i/clk_wiz_0/inst/clk_out2 | design_1_i/Screen_0/inst/ram_reg_7168_7295_0_0_i_1_n_0         |                                                   |               16 |             64 |         4.00 |
|  design_1_i/clk_wiz_0/inst/clk_out2 | design_1_i/Screen_0/inst/ram_reg_7296_7423_0_0_i_1_n_0         |                                                   |               16 |             64 |         4.00 |
|  design_1_i/clk_wiz_0/inst/clk_out2 | design_1_i/Screen_0/inst/ram_reg_7424_7551_0_0_i_1_n_0         |                                                   |               16 |             64 |         4.00 |
|  design_1_i/clk_wiz_0/inst/clk_out2 | design_1_i/Screen_0/inst/ram_reg_7552_7679_0_0_i_1_n_0         |                                                   |               16 |             64 |         4.00 |
|  design_1_i/clk_wiz_0/inst/clk_out2 | design_1_i/Screen_0/inst/ram_reg_7680_7807_0_0_i_1_n_0         |                                                   |               16 |             64 |         4.00 |
|  design_1_i/clk_wiz_0/inst/clk_out2 | design_1_i/Screen_0/inst/ram_reg_768_895_0_0_i_1_n_0           |                                                   |               16 |             64 |         4.00 |
|  design_1_i/clk_wiz_0/inst/clk_out2 | design_1_i/Screen_0/inst/ram_reg_7808_7935_0_0_i_1_n_0         |                                                   |               16 |             64 |         4.00 |
|  design_1_i/clk_wiz_0/inst/clk_out2 | design_1_i/Screen_0/inst/ram_reg_7936_8063_0_0_i_1_n_0         |                                                   |               16 |             64 |         4.00 |
|  design_1_i/clk_wiz_0/inst/clk_out2 | design_1_i/Screen_0/inst/ram_reg_896_1023_0_0_i_1_n_0          |                                                   |               16 |             64 |         4.00 |
|  design_1_i/clk_wiz_0/inst/clk_out2 | design_1_i/Screen_0/inst/ram_reg_8064_8191_0_0_i_1_n_0         |                                                   |               16 |             64 |         4.00 |
|  design_1_i/clk_wiz_0/inst/clk_out2 | design_1_i/Computer_0/inst/inst2/inst6/inst10/inst2/out_reg_11 |                                                   |               16 |             64 |         4.00 |
|  design_1_i/clk_wiz_0/inst/clk_out2 | design_1_i/Computer_0/inst/inst2/inst6/inst10/inst2/out_reg_4  |                                                   |               16 |             64 |         4.00 |
|  design_1_i/clk_wiz_0/inst/clk_out2 | design_1_i/Screen_0/inst/ram_reg_6528_6655_0_0_i_1_n_0         |                                                   |               16 |             64 |         4.00 |
|  design_1_i/clk_wiz_0/inst/clk_out2 |                                                                | rst_IBUF                                          |              288 |            417 |         1.45 |
+-------------------------------------+----------------------------------------------------------------+---------------------------------------------------+------------------+----------------+--------------+


